{"allowedOrigins":"http://localhost:3000,http://localhost:3001","bucket":"imagenes-bucket-pruebas","environment":"development","level":"info","maxFileSize":"50MB","message":"Iniciando servidor DermaIA","port":3000,"region":"us-east-1","service":"dermaia-upload-service","timestamp":"2025-09-17T02:33:48.420Z","version":"1.0.0"}
{"bucket":"imagenes-bucket-pruebas","environment":"development","level":"info","maxFileSize":"50MB","message":"游 Servidor DermaIA iniciado","pid":36399,"port":3000,"region":"us-east-1","service":"dermaia-upload-service","timestamp":"2025-09-17T02:33:48.427Z","version":"1.0.0"}
{"duration":"4ms","environment":"development","ip":"127.0.0.1","level":"info","message":"Request completado","method":"GET","service":"dermaia-upload-service","status":503,"timestamp":"2025-09-17T02:33:51.297Z","url":"/health","userAgent":"PostmanRuntime/7.46.1","version":"1.0.0"}
{"duration":"1ms","environment":"development","ip":"127.0.0.1","level":"info","message":"Request completado","method":"GET","service":"dermaia-upload-service","status":200,"timestamp":"2025-09-17T02:34:39.144Z","url":"/metrics","userAgent":"PostmanRuntime/7.46.1","version":"1.0.0"}
{"allowedOrigins":"http://localhost:3000,http://localhost:3001","bucket":"imagenes-bucket-pruebas","environment":"development","level":"info","maxFileSize":"50MB","message":"Iniciando servidor DermaIA","port":3000,"region":"us-east-1","service":"dermaia-upload-service","timestamp":"2025-09-17T02:35:25.339Z","version":"1.0.0"}
{"bucket":"imagenes-bucket-pruebas","environment":"development","level":"info","maxFileSize":"50MB","message":"游 Servidor DermaIA iniciado","pid":36505,"port":3000,"region":"us-east-1","service":"dermaia-upload-service","timestamp":"2025-09-17T02:35:25.347Z","version":"1.0.0"}
{"allowedOrigins":"http://localhost:3000,http://localhost:3001","bucket":"imagenes-bucket-pruebas","environment":"development","level":"info","maxFileSize":"50MB","message":"Iniciando servidor DermaIA","port":3000,"region":"us-east-1","service":"dermaia-upload-service","timestamp":"2025-09-17T02:35:31.608Z","version":"1.0.0"}
{"bucket":"imagenes-bucket-pruebas","environment":"development","level":"info","maxFileSize":"50MB","message":"游 Servidor DermaIA iniciado","pid":36548,"port":3000,"region":"us-east-1","service":"dermaia-upload-service","timestamp":"2025-09-17T02:35:31.616Z","version":"1.0.0"}
{"environment":"development","level":"info","message":"Se침al SIGINT recibida, cerrando servidor...","service":"dermaia-upload-service","timestamp":"2025-09-17T02:35:37.675Z","version":"1.0.0"}
{"allowedOrigins":"http://localhost:3000,http://localhost:3001","bucket":"imagenes-bucket-pruebas","environment":"production","level":"info","maxFileSize":"50MB","message":"Iniciando servidor DermaIA","port":3000,"region":"us-east-1","service":"dermaia-upload-service","timestamp":"2025-09-17T02:35:42.053Z","version":"1.0.0"}
{"bucket":"imagenes-bucket-pruebas","environment":"production","level":"info","maxFileSize":"50MB","message":"游 Servidor DermaIA iniciado","pid":36645,"port":3000,"region":"us-east-1","service":"dermaia-upload-service","timestamp":"2025-09-17T02:35:42.060Z","version":"1.0.0"}
{"environment":"production","level":"info","message":"Se침al SIGINT recibida, cerrando servidor...","service":"dermaia-upload-service","timestamp":"2025-09-17T02:36:13.639Z","version":"1.0.0"}
{"allowedOrigins":"http://localhost:3000,http://localhost:3001","bucket":"imagenes-bucket-pruebas","environment":"production","level":"info","maxFileSize":"50MB","message":"Iniciando servidor DermaIA","port":3000,"region":"us-east-1","service":"dermaia-upload-service","timestamp":"2025-09-17T02:36:24.753Z","version":"1.0.0"}
{"bucket":"imagenes-bucket-pruebas","environment":"production","level":"info","maxFileSize":"50MB","message":"游 Servidor DermaIA iniciado","pid":36866,"port":3000,"region":"us-east-1","service":"dermaia-upload-service","timestamp":"2025-09-17T02:36:24.760Z","version":"1.0.0"}
{"environment":"production","level":"info","message":"Se침al SIGINT recibida, cerrando servidor...","service":"dermaia-upload-service","timestamp":"2025-09-17T02:36:37.190Z","version":"1.0.0"}
{"allowedOrigins":"http://localhost:3000,http://localhost:3001","bucket":"imagenes-bucket-pruebas","environment":"production","level":"info","maxFileSize":"50MB","message":"Iniciando servidor DermaIA","port":3000,"region":"us-east-1","service":"dermaia-upload-service","timestamp":"2025-09-17T02:36:38.586Z","version":"1.0.0"}
{"bucket":"imagenes-bucket-pruebas","environment":"production","level":"info","maxFileSize":"50MB","message":"游 Servidor DermaIA iniciado","pid":36954,"port":3000,"region":"us-east-1","service":"dermaia-upload-service","timestamp":"2025-09-17T02:36:38.593Z","version":"1.0.0"}
{"environment":"production","level":"info","message":"Se침al SIGINT recibida, cerrando servidor...","service":"dermaia-upload-service","timestamp":"2025-09-17T02:37:15.872Z","version":"1.0.0"}
{"allowedOrigins":"http://localhost:3000,http://localhost:3001","bucket":"imagenes-bucket-pruebas","environment":"development","level":"info","maxFileSize":"50MB","message":"Iniciando servidor DermaIA","port":3000,"region":"us-east-1","service":"dermaia-upload-service","timestamp":"2025-09-17T02:39:29.472Z","version":"1.0.0"}
{"bucket":"imagenes-bucket-pruebas","environment":"development","level":"info","maxFileSize":"50MB","message":"游 Servidor DermaIA iniciado","pid":37228,"port":3000,"region":"us-east-1","service":"dermaia-upload-service","timestamp":"2025-09-17T02:39:29.482Z","version":"1.0.0"}
{"environment":"development","level":"info","message":"Se침al SIGINT recibida, cerrando servidor...","service":"dermaia-upload-service","timestamp":"2025-09-17T02:39:46.186Z","version":"1.0.0"}
{"allowedOrigins":"http://localhost:3000,http://localhost:3001","bucket":"imagenes-bucket-pruebas","environment":"production","level":"info","maxFileSize":"50MB","message":"Iniciando servidor DermaIA","port":3000,"region":"us-east-1","service":"dermaia-upload-service","timestamp":"2025-09-17T02:39:50.983Z","version":"1.0.0"}
{"bucket":"imagenes-bucket-pruebas","environment":"production","level":"info","maxFileSize":"50MB","message":"游 Servidor DermaIA iniciado","pid":37492,"port":3000,"region":"us-east-1","service":"dermaia-upload-service","timestamp":"2025-09-17T02:39:50.990Z","version":"1.0.0"}
{"environment":"production","level":"info","message":"Se침al SIGINT recibida, cerrando servidor...","service":"dermaia-upload-service","timestamp":"2025-09-17T02:40:58.064Z","version":"1.0.0"}
